{"numFailedTestSuites":0,"numFailedTests":0,"numPassedTestSuites":54,"numPassedTests":440,"numPendingTestSuites":0,"numPendingTests":0,"numRuntimeErrorTestSuites":0,"numTodoTests":0,"numTotalTestSuites":54,"numTotalTests":440,"openHandles":[],"snapshot":{"added":0,"didUpdate":false,"failure":false,"filesAdded":0,"filesRemoved":0,"filesRemovedList":[],"filesUnmatched":0,"filesUpdated":0,"matched":0,"total":0,"unchecked":0,"uncheckedKeysByFile":[],"unmatched":0,"updated":0},"startTime":1788433875750,"success":true,"testResults":[{"assertionResults":[{"ancestorTitles":["AiAnomalyFastApiClient"],"duration":33,"failureDetails":[],"failureMessages":[],"fullName":"AiAnomalyFastApiClient rejects calls when the integration is disabled","invocations":1,"location":null,"numPassingAsserts":1,"retryReasons":[],"status":"passed","title":"rejects calls when the integration is disabled"},{"ancestorTitles":["AiAnomalyFastApiClient"],"duration":23,"failureDetails":[],"failureMessages":[],"fullName":"AiAnomalyFastApiClient validates successful anomaly responses strictly","invocations":1,"location":null,"numPassingAsserts":2,"retryReasons":[],"status":"passed","title":"validates successful anomaly responses strictly"},{"ancestorTitles":["AiAnomalyFastApiClient"],"duration":52,"failureDetails":[],"failureMessages":[],"fullName":"AiAnomalyFastApiClient maps FastAPI 4xx responses to client-safe bad requests","invocations":1,"location":null,"numPassingAsserts":1,"retryReasons":[],"status":"passed","title":"maps FastAPI 4xx responses to client-safe bad requests"},{"ancestorTitles":["AiAnomalyFastApiClient"],"duration":5,"failureDetails":[],"failureMessages":[],"fullName":"AiAnomalyFastApiClient maps FastAPI 5xx responses to a sanitized gateway error","invocations":1,"location":null,"numPassingAsserts":1,"retryReasons":[],"status":"passed","title":"maps FastAPI 5xx responses to a sanitized gateway error"},{"ancestorTitles":["AiAnomalyFastApiClient"],"duration":12,"failureDetails":[],"failureMessages":[],"fullName":"AiAnomalyFastApiClient maps FastAPI timeouts to a client-safe timeout response","invocations":1,"location":null,"numPassingAsserts":1,"retryReasons":[],"status":"passed","title":"maps FastAPI timeouts to a client-safe timeout response"},{"ancestorTitles":["AiAnomalyFastApiClient"],"duration":4,"failureDetails":[],"failureMessages":[],"fullName":"AiAnomalyFastApiClient rejects malformed AI service JSON without accepting partial scores","invocations":1,"location":null,"numPassingAsserts":1,"retryReasons":[],"status":"passed","title":"rejects malformed AI service JSON without accepting partial scores"},{"ancestorTitles":["AiAnomalyFastApiClient"],"duration":5,"failureDetails":[],"failureMessages":[],"fullName":"AiAnomalyFastApiClient exposes IMS metadata limitations from the model endpoint","invocations":1,"location":null,"numPassingAsserts":1,"retryReasons":[],"status":"passed","title":"exposes IMS metadata limitations from the model endpoint"},{"ancestorTitles":["AiAnomalyFastApiClient"],"duration":2,"failureDetails":[],"failureMessages":[],"fullName":"AiAnomalyFastApiClient treats unrecognized enabled flag values as disabled by default","invocations":1,"location":null,"numPassingAsserts":1,"retryReasons":[],"status":"passed","title":"treats unrecognized enabled flag values as disabled by default"},{"ancestorTitles":["AiAnomalyFastApiClient"],"duration":2,"failureDetails":[],"failureMessages":[],"fullName":"AiAnomalyFastApiClient recognizes common truthy and falsy enabled flag values","invocations":1,"location":null,"numPassingAsserts":2,"retryReasons":[],"status":"passed","title":"recognizes common truthy and falsy enabled flag values"},{"ancestorTitles":["AiAnomalyFastApiClient"],"duration":3,"failureDetails":[],"failureMessages":[],"fullName":"AiAnomalyFastApiClient calls the analyze-batch endpoint as idempotent","invocations":1,"location":null,"numPassingAsserts":1,"retryReasons":[],"status":"passed","title":"calls the analyze-batch endpoint as idempotent"},{"ancestorTitles":["AiAnomalyFastApiClient"],"duration":9,"failureDetails":[],"failureMessages":[],"fullName":"AiAnomalyFastApiClient falls back to the default timeout when configured value is invalid","invocations":1,"location":null,"numPassingAsserts":1,"retryReasons":[],"status":"passed","title":"falls back to the default timeout when configured value is invalid"},{"ancestorTitles":["AiAnomalyFastApiClient"],"duration":4,"failureDetails":[],"failureMessages":[],"fullName":"AiAnomalyFastApiClient rejects a response payload that is not a results object","invocations":1,"location":null,"numPassingAsserts":1,"retryReasons":[],"status":"passed","title":"rejects a response payload that is not a results object"},{"ancestorTitles":["AiAnomalyFastApiClient"],"duration":3,"failureDetails":[],"failureMessages":[],"fullName":"AiAnomalyFastApiClient rejects a result whose componentScores is not an object","invocations":1,"location":null,"numPassingAsserts":1,"retryReasons":[],"status":"passed","title":"rejects a result whose componentScores is not an object"},{"ancestorTitles":["AiAnomalyFastApiClient"],"duration":4,"failureDetails":[],"failureMessages":[],"fullName":"AiAnomalyFastApiClient rejects a result whose reasonCodes contains non-string entries","invocations":1,"location":null,"numPassingAsserts":1,"retryReasons":[],"status":"passed","title":"rejects a result whose reasonCodes contains non-string entries"},{"ancestorTitles":["AiAnomalyFastApiClient"],"duration":2,"failureDetails":[],"failureMessages":[],"fullName":"AiAnomalyFastApiClient rejects model metadata that is missing the models array","invocations":1,"location":null,"numPassingAsserts":1,"retryReasons":[],"status":"passed","title":"rejects model metadata that is missing the models array"},{"ancestorTitles":["AiAnomalyFastApiClient"],"duration":3,"failureDetails":[],"failureMessages":[],"fullName":"AiAnomalyFastApiClient rejects model metadata whose first entry is not an object","invocations":1,"location":null,"numPassingAsserts":1,"retryReasons":[],"status":"passed","title":"rejects model metadata whose first entry is not an object"},{"ancestorTitles":["AiAnomalyFastApiClient"],"duration":3,"failureDetails":[],"failureMessages":[],"fullName":"AiAnomalyFastApiClient extracts array-shaped validation error details as a generic message","invocations":1,"location":null,"numPassingAsserts":1,"retryReasons":[],"status":"passed","title":"extracts array-shaped validation error details as a generic message"},{"ancestorTitles":["AiAnomalyFastApiClient"],"duration":3,"failureDetails":[],"failureMessages":[],"fullName":"AiAnomalyFastApiClient falls back to a message field when detail is absent","invocations":1,"location":null,"numPassingAsserts":1,"retryReasons":[],"status":"passed","title":"falls back to a message field when detail is absent"},{"ancestorTitles":["AiAnomalyFastApiClient"],"duration":5,"failureDetails":[],"failureMessages":[],"fullName":"AiAnomalyFastApiClient returns a generic error message when the body has no detail or message","invocations":1,"location":null,"numPassingAsserts":1,"retryReasons":[],"status":"passed","title":"returns a generic error message when the body has no detail or message"},{"ancestorTitles":["AiAnomalyFastApiClient"],"duration":2,"failureDetails":[],"failureMessages":[],"fullName":"AiAnomalyFastApiClient rejects with a gateway error when a successful response body is not valid JSON","invocations":1,"location":null,"numPassingAsserts":1,"retryReasons":[],"status":"passed","title":"rejects with a gateway error when a successful response body is not valid JSON"},{"ancestorTitles":["AiAnomalyFastApiClient"],"duration":2,"failureDetails":[],"failureMessages":[],"fullName":"AiAnomalyFastApiClient treats an unparsable error response body as undefined instead of throwing","invocations":1,"location":null,"numPassingAsserts":1,"retryReasons":[],"status":"passed","title":"treats an unparsable error response body as undefined instead of throwing"},{"ancestorTitles":["AiAnomalyFastApiClient"],"duration":2,"failureDetails":[],"failureMessages":[],"fullName":"AiAnomalyFastApiClient wraps unexpected network errors as service unavailable","invocations":1,"location":null,"numPassingAsserts":1,"retryReasons":[],"status":"passed","title":"wraps unexpected network errors as service unavailable"}],"endTime":1788433904537,"message":"","name":"C:\\Users\\Balsem\\Desktop\\GMAO\\backend\\src\\ai-anomaly\\ai-anomaly-fastapi.client.spec.ts","startTime":1788433877877,"status":"passed","summary":""},{"assertionResults":[{"ancestorTitles":["UpdateDocumentDto"],"duration":8,"failureDetails":[],"failureMessages":[],"fullName":"UpdateDocumentDto rejects uploaded_by — it must never be retroactively editable via PUT /documents/:id","invocations":1,"location":null,"numPassingAsserts":1,"retryReasons":[],"status":"passed","title":"rejects uploaded_by — it must never be retroactively editable via PUT /documents/:id"},{"ancestorTitles":["UpdateDocumentDto"],"duration":2,"failureDetails":[],"failureMessages":[],"fullName":"UpdateDocumentDto still accepts a legitimate partial update with expected_version","invocations":1,"location":null,"numPassingAsserts":1,"retryReasons":[],"status":"passed","title":"still accepts a legitimate partial update with expected_version"}],"endTime":1788433906423,"message":"","name":"C:\\Users\\Balsem\\Desktop\\GMAO\\backend\\src\\documents\\dto\\update-document.dto.spec.ts","startTime":1788433904581,"status":"passed","summary":""},{"assertionResults":[{"ancestorTitles":["AiAnomalyService"],"duration":74,"failureDetails":[],"failureMessages":[],"fullName":"AiAnomalyService stores a valid single inference after a successful FastAPI response","invocations":1,"location":null,"numPassingAsserts":6,"retryReasons":[],"status":"passed","title":"stores a valid single inference after a successful FastAPI response"},{"ancestorTitles":["AiAnomalyService"],"duration":26,"failureDetails":[],"failureMessages":[],"fullName":"AiAnomalyService uses stateless batch analysis for deterministic replay","invocations":1,"location":null,"numPassingAsserts":2,"retryReasons":[],"status":"passed","title":"uses stateless batch analysis for deterministic replay"},{"ancestorTitles":["AiAnomalyService"],"duration":53,"failureDetails":[],"failureMessages":[],"fullName":"AiAnomalyService rejects duplicate IMS feature rows before calling FastAPI","invocations":1,"location":null,"numPassingAsserts":2,"retryReasons":[],"status":"passed","title":"rejects duplicate IMS feature rows before calling FastAPI"},{"ancestorTitles":["AiAnomalyService"],"duration":3,"failureDetails":[],"failureMessages":[],"fullName":"AiAnomalyService rejects out-of-order timestamps before calling FastAPI","invocations":1,"location":null,"numPassingAsserts":2,"retryReasons":[],"status":"passed","title":"rejects out-of-order timestamps before calling FastAPI"},{"ancestorTitles":["AiAnomalyService"],"duration":4,"failureDetails":[],"failureMessages":[],"fullName":"AiAnomalyService keeps platform mapping explicit and rejects capteurs from another machine","invocations":1,"location":null,"numPassingAsserts":1,"retryReasons":[],"status":"passed","title":"keeps platform mapping explicit and rejects capteurs from another machine"},{"ancestorTitles":["AiAnomalyService"],"duration":13,"failureDetails":[],"failureMessages":[],"fullName":"AiAnomalyService passes unknown experiment and sensor mapping errors from FastAPI without saving","invocations":1,"location":null,"numPassingAsserts":2,"retryReasons":[],"status":"passed","title":"passes unknown experiment and sensor mapping errors from FastAPI without saving"},{"ancestorTitles":["AiAnomalyService"],"duration":3,"failureDetails":[],"failureMessages":[],"fullName":"AiAnomalyService uses the authenticated user for request audit fields","invocations":1,"location":null,"numPassingAsserts":1,"retryReasons":[],"status":"passed","title":"uses the authenticated user for request audit fields"},{"ancestorTitles":["AiAnomalyService"],"duration":5,"failureDetails":[],"failureMessages":[],"fullName":"AiAnomalyService separates persistence by machine and component through the upsert filter","invocations":1,"location":null,"numPassingAsserts":2,"retryReasons":[],"status":"passed","title":"separates persistence by machine and component through the upsert filter"},{"ancestorTitles":["AiAnomalyService"],"duration":4,"failureDetails":[],"failureMessages":[],"fullName":"AiAnomalyService creates Admin and Technician notifications for a newly stored persistent alert only","invocations":1,"location":null,"numPassingAsserts":3,"retryReasons":[],"status":"passed","title":"creates Admin and Technician notifications for a newly stored persistent alert only"},{"ancestorTitles":["AiAnomalyService"],"duration":3,"failureDetails":[],"failureMessages":[],"fullName":"AiAnomalyService does not notify when a persistent analysis already exists","invocations":1,"location":null,"numPassingAsserts":1,"retryReasons":[],"status":"passed","title":"does not notify when a persistent analysis already exists"},{"ancestorTitles":["AiAnomalyService"],"duration":4,"failureDetails":[],"failureMessages":[],"fullName":"AiAnomalyService applies server-side date filtering before pagination","invocations":1,"location":null,"numPassingAsserts":2,"retryReasons":[],"status":"passed","title":"applies server-side date filtering before pagination"},{"ancestorTitles":["AiAnomalyService"],"duration":56,"failureDetails":[],"failureMessages":[],"fullName":"AiAnomalyService applies date filtering to machine-scoped history before pagination","invocations":1,"location":null,"numPassingAsserts":2,"retryReasons":[],"status":"passed","title":"applies date filtering to machine-scoped history before pagination"},{"ancestorTitles":["AiAnomalyService"],"duration":6,"failureDetails":[],"failureMessages":[],"fullName":"AiAnomalyService rejects invalid and reversed date ranges","invocations":1,"location":null,"numPassingAsserts":3,"retryReasons":[],"status":"passed","title":"rejects invalid and reversed date ranges"},{"ancestorTitles":["AiAnomalyService"],"duration":24,"failureDetails":[],"failureMessages":[],"fullName":"AiAnomalyService lists history only for admin and technician roles","invocations":1,"location":null,"numPassingAsserts":2,"retryReasons":[],"status":"passed","title":"lists history only for admin and technician roles"},{"ancestorTitles":["AiAnomalyService"],"duration":3,"failureDetails":[],"failureMessages":[],"fullName":"AiAnomalyService validates pending analyses with the authenticated technician","invocations":1,"location":null,"numPassingAsserts":3,"retryReasons":[],"status":"passed","title":"validates pending analyses with the authenticated technician"},{"ancestorTitles":["AiAnomalyService"],"duration":2,"failureDetails":[],"failureMessages":[],"fullName":"AiAnomalyService rejects repeated validation transitions","invocations":1,"location":null,"numPassingAsserts":1,"retryReasons":[],"status":"passed","title":"rejects repeated validation transitions"},{"ancestorTitles":["AiAnomalyService"],"duration":3,"failureDetails":[],"failureMessages":[],"fullName":"AiAnomalyService rejects a single analysis spanning more than one timestamp","invocations":1,"location":null,"numPassingAsserts":2,"retryReasons":[],"status":"passed","title":"rejects a single analysis spanning more than one timestamp"},{"ancestorTitles":["AiAnomalyService"],"duration":3,"failureDetails":[],"failureMessages":[],"fullName":"AiAnomalyService rejects an invalid machine_id before contacting the AI service","invocations":1,"location":null,"numPassingAsserts":2,"retryReasons":[],"status":"passed","title":"rejects an invalid machine_id before contacting the AI service"},{"ancestorTitles":["AiAnomalyService"],"duration":2,"failureDetails":[],"failureMessages":[],"fullName":"AiAnomalyService rejects an invalid capteur_id before contacting the AI service","invocations":1,"location":null,"numPassingAsserts":2,"retryReasons":[],"status":"passed","title":"rejects an invalid capteur_id before contacting the AI service"},{"ancestorTitles":["AiAnomalyService"],"duration":3,"failureDetails":[],"failureMessages":[],"fullName":"AiAnomalyService rejects analysis when the capteur cannot be found","invocations":1,"location":null,"numPassingAsserts":1,"retryReasons":[],"status":"passed","title":"rejects analysis when the capteur cannot be found"},{"ancestorTitles":["AiAnomalyService"],"duration":2,"failureDetails":[],"failureMessages":[],"fullName":"AiAnomalyService rejects analysis when the capteur module mapping is unavailable","invocations":1,"location":null,"numPassingAsserts":1,"retryReasons":[],"status":"passed","title":"rejects analysis when the capteur module mapping is unavailable"},{"ancestorTitles":["AiAnomalyService"],"duration":3,"failureDetails":[],"failureMessages":[],"fullName":"AiAnomalyService skips capteur/module mapping checks when no capteur_id is supplied","invocations":1,"location":null,"numPassingAsserts":1,"retryReasons":[],"status":"passed","title":"skips capteur/module mapping checks when no capteur_id is supplied"},{"ancestorTitles":["AiAnomalyService"],"duration":8,"failureDetails":[],"failureMessages":[],"fullName":"AiAnomalyService rejects a FastAPI timestamp that cannot be parsed when persisting","invocations":1,"location":null,"numPassingAsserts":1,"retryReasons":[],"status":"passed","title":"rejects a FastAPI timestamp that cannot be parsed when persisting"},{"ancestorTitles":["AiAnomalyService"],"duration":7,"failureDetails":[],"failureMessages":[],"fullName":"AiAnomalyService logs and swallows notification failures without failing the request","invocations":1,"location":null,"numPassingAsserts":1,"retryReasons":[],"status":"passed","title":"logs and swallows notification failures without failing the request"},{"ancestorTitles":["AiAnomalyService"],"duration":2,"failureDetails":[],"failureMessages":[],"fullName":"AiAnomalyService returns FastAPI model metadata unchanged","invocations":1,"location":null,"numPassingAsserts":2,"retryReasons":[],"status":"passed","title":"returns FastAPI model metadata unchanged"},{"ancestorTitles":["AiAnomalyService"],"duration":2,"failureDetails":[],"failureMessages":[],"fullName":"AiAnomalyService fetches a single analysis by public id and enforces machine access","invocations":1,"location":null,"numPassingAsserts":3,"retryReasons":[],"status":"passed","title":"fetches a single analysis by public id and enforces machine access"},{"ancestorTitles":["AiAnomalyService"],"duration":2,"failureDetails":[],"failureMessages":[],"fullName":"AiAnomalyService looks up an analysis by Mongo id when the id is a valid ObjectId","invocations":1,"location":null,"numPassingAsserts":1,"retryReasons":[],"status":"passed","title":"looks up an analysis by Mongo id when the id is a valid ObjectId"},{"ancestorTitles":["AiAnomalyService"],"duration":3,"failureDetails":[],"failureMessages":[],"fullName":"AiAnomalyService raises not found when no analysis matches the given id","invocations":1,"location":null,"numPassingAsserts":1,"retryReasons":[],"status":"passed","title":"raises not found when no analysis matches the given id"},{"ancestorTitles":["AiAnomalyService"],"duration":1,"failureDetails":[],"failureMessages":[],"fullName":"AiAnomalyService applies only a lower bound date filter when dateTo is omitted","invocations":1,"location":null,"numPassingAsserts":1,"retryReasons":[],"status":"passed","title":"applies only a lower bound date filter when dateTo is omitted"},{"ancestorTitles":["AiAnomalyService"],"duration":2,"failureDetails":[],"failureMessages":[],"fullName":"AiAnomalyService applies only an upper bound date filter when dateFrom is omitted","invocations":1,"location":null,"numPassingAsserts":1,"retryReasons":[],"status":"passed","title":"applies only an upper bound date filter when dateFrom is omitted"},{"ancestorTitles":["AiAnomalyService"],"duration":1,"failureDetails":[],"failureMessages":[],"fullName":"AiAnomalyService accepts full ISO timestamps with an explicit UTC offset","invocations":1,"location":null,"numPassingAsserts":1,"retryReasons":[],"status":"passed","title":"accepts full ISO timestamps with an explicit UTC offset"},{"ancestorTitles":["AiAnomalyService"],"duration":2,"failureDetails":[],"failureMessages":[],"fullName":"AiAnomalyService rejects a date range filter with an invalid ISO timestamp format","invocations":1,"location":null,"numPassingAsserts":2,"retryReasons":[],"status":"passed","title":"rejects a date range filter with an invalid ISO timestamp format"},{"ancestorTitles":["AiAnomalyService"],"duration":2,"failureDetails":[],"failureMessages":[],"fullName":"AiAnomalyService restricts listing to accessible machines when no machine filter is given","invocations":1,"location":null,"numPassingAsserts":1,"retryReasons":[],"status":"passed","title":"restricts listing to accessible machines when no machine filter is given"}],"endTime":1788433907781,"message":"","name":"C:\\Users\\Balsem\\Desktop\\GMAO\\backend\\src\\ai-anomaly\\ai-anomaly.service.spec.ts","startTime":1788433877801,"status":"passed","summary":""},{"assertionResults":[{"ancestorTitles":["AiAssistantService"],"duration":35,"failureDetails":[],"failureMessages":[],"fullName":"AiAssistantService returns a RATE_LIMITED result without calling the provider or context builder when throttled","invocations":1,"location":null,"numPassingAsserts":5,"retryReasons":[],"status":"passed","title":"returns a RATE_LIMITED result without calling the provider or context builder when throttled"},{"ancestorTitles":["AiAssistantService"],"duration":51,"failureDetails":[],"failureMessages":[],"fullName":"AiAssistantService checks machine access before doing anything else when a machineId is provided","invocations":1,"location":null,"numPassingAsserts":3,"retryReasons":[],"status":"passed","title":"checks machine access before doing anything else when a machineId is provided"},{"ancestorTitles":["AiAssistantService"],"duration":10,"failureDetails":[],"failureMessages":[],"fullName":"AiAssistantService returns DISABLED without calling the context builder or persisting grounded data when the provider is the null provider","invocations":1,"location":null,"numPassingAsserts":5,"retryReasons":[],"status":"passed","title":"returns DISABLED without calling the context builder or persisting grounded data when the provider is the null provider"},{"ancestorTitles":["AiAssistantService"],"duration":10,"failureDetails":[],"failureMessages":[],"fullName":"AiAssistantService returns OK with the structured answer on a successful provider call, and persists an audit record","invocations":1,"location":null,"numPassingAsserts":4,"retryReasons":[],"status":"passed","title":"returns OK with the structured answer on a successful provider call, and persists an audit record"},{"ancestorTitles":["AiAssistantService"],"duration":3,"failureDetails":[],"failureMessages":[],"fullName":"AiAssistantService passes the requested locale to the provider and audit record","invocations":1,"location":null,"numPassingAsserts":3,"retryReasons":[],"status":"passed","title":"passes the requested locale to the provider and audit record"},{"ancestorTitles":["AiAssistantService"],"duration":3,"failureDetails":[],"failureMessages":[],"fullName":"AiAssistantService asks for clarification instead of generating recommendations for unclear text","invocations":1,"location":null,"numPassingAsserts":5,"retryReasons":[],"status":"passed","title":"asks for clarification instead of generating recommendations for unclear text"},{"ancestorTitles":["AiAssistantService"],"duration":2,"failureDetails":[],"failureMessages":[],"fullName":"AiAssistantService sanitizes prompt-injection attempts and redacts sensitive data before sending the question to the provider","invocations":1,"location":null,"numPassingAsserts":2,"retryReasons":[],"status":"passed","title":"sanitizes prompt-injection attempts and redacts sensitive data before sending the question to the provider"},{"ancestorTitles":["AiAssistantService"],"duration":4,"failureDetails":[],"failureMessages":[],"fullName":"AiAssistantService never lets the provider answer bypass sensitive-data redaction (defense in depth on the response too)","invocations":1,"location":null,"numPassingAsserts":1,"retryReasons":[],"status":"passed","title":"never lets the provider answer bypass sensitive-data redaction (defense in depth on the response too)"},{"ancestorTitles":["AiAssistantService"],"duration":5,"failureDetails":[],"failureMessages":[],"fullName":"AiAssistantService returns ERROR status (not a thrown exception) when the provider rejects, so the workflow never breaks","invocations":1,"location":null,"numPassingAsserts":4,"retryReasons":[],"status":"passed","title":"returns ERROR status (not a thrown exception) when the provider rejects, so the workflow never breaks"},{"ancestorTitles":["AiAssistantService"],"duration":10,"failureDetails":[],"failureMessages":[],"fullName":"AiAssistantService returns precise provider statuses for Gemini configuration, credential, quota, and temporary failures","invocations":1,"location":null,"numPassingAsserts":8,"retryReasons":[],"status":"passed","title":"returns precise provider statuses for Gemini configuration, credential, quota, and temporary failures"},{"ancestorTitles":["AiAssistantService"],"duration":47,"failureDetails":[],"failureMessages":[],"fullName":"AiAssistantService returns TIMEOUT status when the provider does not respond within the configured timeout","invocations":1,"location":null,"numPassingAsserts":1,"retryReasons":[],"status":"passed","title":"returns TIMEOUT status when the provider does not respond within the configured timeout"},{"ancestorTitles":["AiAssistantService"],"duration":3,"failureDetails":[],"failureMessages":[],"fullName":"AiAssistantService exposes provider health diagnostics without API keys","invocations":1,"location":null,"numPassingAsserts":2,"retryReasons":[],"status":"passed","title":"exposes provider health diagnostics without API keys"},{"ancestorTitles":["AiAssistantService"],"duration":2,"failureDetails":[],"failureMessages":[],"fullName":"AiAssistantService is advisory only: never calls anything resembling a work-order/stock/machine mutation","invocations":1,"location":null,"numPassingAsserts":1,"retryReasons":[],"status":"passed","title":"is advisory only: never calls anything resembling a work-order/stock/machine mutation"},{"ancestorTitles":["AiAssistantService"],"duration":4,"failureDetails":[],"failureMessages":[],"fullName":"AiAssistantService lists only the requesting user's own history, most recent first","invocations":1,"location":null,"numPassingAsserts":4,"retryReasons":[],"status":"passed","title":"lists only the requesting user's own history, most recent first"},{"ancestorTitles":["AiAssistantService"],"duration":2,"failureDetails":[],"failureMessages":[],"fullName":"AiAssistantService lists history across all users for admin review","invocations":1,"location":null,"numPassingAsserts":2,"retryReasons":[],"status":"passed","title":"lists history across all users for admin review"},{"ancestorTitles":["AiAssistantService"],"duration":2,"failureDetails":[],"failureMessages":[],"fullName":"AiAssistantService falls back to the English clarification message for an unsupported locale","invocations":1,"location":null,"numPassingAsserts":1,"retryReasons":[],"status":"passed","title":"falls back to the English clarification message for an unsupported locale"},{"ancestorTitles":["AiAssistantService"],"duration":1,"failureDetails":[],"failureMessages":[],"fullName":"AiAssistantService falls back to the default timeout when the configured value is not a positive integer","invocations":1,"location":null,"numPassingAsserts":1,"retryReasons":[],"status":"passed","title":"falls back to the default timeout when the configured value is not a positive integer"}],"endTime":1788433908238,"message":"","name":"C:\\Users\\Balsem\\Desktop\\GMAO\\backend\\src\\ai-assistant\\ai-assistant.service.spec.ts","startTime":1788433877811,"status":"passed","summary":""},{"assertionResults":[{"ancestorTitles":["DocumentsService storage URL resolution"],"duration":38,"failureDetails":[],"failureMessages":[],"fullName":"DocumentsService storage URL resolution replaces managed public Supabase URLs with protected document file endpoints","invocations":1,"location":null,"numPassingAsserts":3,"retryReasons":[],"status":"passed","title":"replaces managed public Supabase URLs with protected document file endpoints"},{"ancestorTitles":["DocumentsService storage URL resolution"],"duration":3,"failureDetails":[],"failureMessages":[],"fullName":"DocumentsService storage URL resolution uses protected document file endpoints for private storage paths","invocations":1,"location":null,"numPassingAsserts":3,"retryReasons":[],"status":"passed","title":"uses protected document file endpoints for private storage paths"},{"ancestorTitles":["DocumentsService storage URL resolution"],"duration":3,"failureDetails":[],"failureMessages":[],"fullName":"DocumentsService storage URL resolution preserves local document paths without requiring URL storage fields","invocations":1,"location":null,"numPassingAsserts":2,"retryReasons":[],"status":"passed","title":"preserves local document paths without requiring URL storage fields"},{"ancestorTitles":["DocumentsService storage URL resolution"],"duration":6,"failureDetails":[],"failureMessages":[],"fullName":"DocumentsService storage URL resolution reads protected files only when the stored reference is managed","invocations":1,"location":null,"numPassingAsserts":2,"retryReasons":[],"status":"passed","title":"reads protected files only when the stored reference is managed"},{"ancestorTitles":["DocumentsService storage URL resolution"],"duration":57,"failureDetails":[],"failureMessages":[],"fullName":"DocumentsService storage URL resolution rejects protected file reads for external document URLs","invocations":1,"location":null,"numPassingAsserts":2,"retryReasons":[],"status":"passed","title":"rejects protected file reads for external document URLs"},{"ancestorTitles":["DocumentsService storage URL resolution"],"duration":2,"failureDetails":[],"failureMessages":[],"fullName":"DocumentsService storage URL resolution deletes Supabase managed files by stored storage path after record deletion","invocations":1,"location":null,"numPassingAsserts":1,"retryReasons":[],"status":"passed","title":"deletes Supabase managed files by stored storage path after record deletion"},{"ancestorTitles":["DocumentsService storage URL resolution"],"duration":2,"failureDetails":[],"failureMessages":[],"fullName":"DocumentsService storage URL resolution deletes local managed files by existing stable path after record deletion","invocations":1,"location":null,"numPassingAsserts":1,"retryReasons":[],"status":"passed","title":"deletes local managed files by existing stable path after record deletion"},{"ancestorTitles":["DocumentsService storage URL resolution"],"duration":1,"failureDetails":[],"failureMessages":[],"fullName":"DocumentsService storage URL resolution preserves unknown external URLs during deletion","invocations":1,"location":null,"numPassingAsserts":1,"retryReasons":[],"status":"passed","title":"preserves unknown external URLs during deletion"},{"ancestorTitles":["DocumentsService storage URL resolution"],"duration":3,"failureDetails":[],"failureMessages":[],"fullName":"DocumentsService storage URL resolution rejects deleting a document that has already been published (real lifecycle history)","invocations":1,"location":null,"numPassingAsserts":2,"retryReasons":[],"status":"passed","title":"rejects deleting a document that has already been published (real lifecycle history)"},{"ancestorTitles":["DocumentsService storage URL resolution"],"duration":3,"failureDetails":[],"failureMessages":[],"fullName":"DocumentsService storage URL resolution keeps the Mongo deletion result when managed file deletion fails","invocations":1,"location":null,"numPassingAsserts":2,"retryReasons":[],"status":"passed","title":"keeps the Mongo deletion result when managed file deletion fails"},{"ancestorTitles":["DocumentsService lifecycle transitions","create"],"duration":3,"failureDetails":[],"failureMessages":[],"fullName":"DocumentsService lifecycle transitions create rejects when the referenced machine does not exist","invocations":1,"location":null,"numPassingAsserts":1,"retryReasons":[],"status":"passed","title":"rejects when the referenced machine does not exist"},{"ancestorTitles":["DocumentsService lifecycle transitions","create"],"duration":4,"failureDetails":[],"failureMessages":[],"fullName":"DocumentsService lifecycle transitions create rejects when the referenced maintenance plan does not exist","invocations":1,"location":null,"numPassingAsserts":1,"retryReasons":[],"status":"passed","title":"rejects when the referenced maintenance plan does not exist"},{"ancestorTitles":["DocumentsService lifecycle transitions","create"],"duration":5,"failureDetails":[],"failureMessages":[],"fullName":"DocumentsService lifecycle transitions create rejects when the referenced work order does not exist","invocations":1,"location":null,"numPassingAsserts":1,"retryReasons":[],"status":"passed","title":"rejects when the referenced work order does not exist"},{"ancestorTitles":["DocumentsService lifecycle transitions","create"],"duration":3,"failureDetails":[],"failureMessages":[],"fullName":"DocumentsService lifecycle transitions create rejects when the referenced intervention report does not exist","invocations":1,"location":null,"numPassingAsserts":1,"retryReasons":[],"status":"passed","title":"rejects when the referenced intervention report does not exist"},{"ancestorTitles":["DocumentsService lifecycle transitions","create"],"duration":3,"failureDetails":[],"failureMessages":[],"fullName":"DocumentsService lifecycle transitions create creates a Draft with version 1 and a single \"created\" lifecycle entry","invocations":1,"location":null,"numPassingAsserts":4,"retryReasons":[],"status":"passed","title":"creates a Draft with version 1 and a single \"created\" lifecycle entry"},{"ancestorTitles":["DocumentsService lifecycle transitions","publish"],"duration":4,"failureDetails":[],"failureMessages":[],"fullName":"DocumentsService lifecycle transitions publish moves a Draft to Published, incrementing version and appending lifecycle history","invocations":1,"location":null,"numPassingAsserts":2,"retryReasons":[],"status":"passed","title":"moves a Draft to Published, incrementing version and appending lifecycle history"},{"ancestorTitles":["DocumentsService lifecycle transitions","publish"],"duration":2,"failureDetails":[],"failureMessages":[],"fullName":"DocumentsService lifecycle transitions publish rejects publishing a document that is not currently a Draft","invocations":1,"location":null,"numPassingAsserts":2,"retryReasons":[],"status":"passed","title":"rejects publishing a document that is not currently a Draft"},{"ancestorTitles":["DocumentsService lifecycle transitions","publish"],"duration":4,"failureDetails":[],"failureMessages":[],"fullName":"DocumentsService lifecycle transitions publish requires expected_version once the document has a version, rejecting when omitted","invocations":1,"location":null,"numPassingAsserts":2,"retryReasons":[],"status":"passed","title":"requires expected_version once the document has a version, rejecting when omitted"},{"ancestorTitles":["DocumentsService lifecycle transitions","publish"],"duration":2,"failureDetails":[],"failureMessages":[],"fullName":"DocumentsService lifecycle transitions publish fails safe (conflict) when a concurrent transition wins the atomic status-guarded update race","invocations":1,"location":null,"numPassingAsserts":1,"retryReasons":[],"status":"passed","title":"fails safe (conflict) when a concurrent transition wins the atomic status-guarded update race"},{"ancestorTitles":["DocumentsService lifecycle transitions","archive"],"duration":1,"failureDetails":[],"failureMessages":[],"fullName":"DocumentsService lifecycle transitions archive archives a Published document","invocations":1,"location":null,"numPassingAsserts":1,"retryReasons":[],"status":"passed","title":"archives a Published document"},{"ancestorTitles":["DocumentsService lifecycle transitions","archive"],"duration":1,"failureDetails":[],"failureMessages":[],"fullName":"DocumentsService lifecycle transitions archive rejects archiving a Superseded document","invocations":1,"location":null,"numPassingAsserts":2,"retryReasons":[],"status":"passed","title":"rejects archiving a Superseded document"},{"ancestorTitles":["DocumentsService lifecycle transitions","replace"],"duration":4,"failureDetails":[],"failureMessages":[],"fullName":"DocumentsService lifecycle transitions replace creates a new linked Draft version and marks the old document Superseded","invocations":1,"location":null,"numPassingAsserts":4,"retryReasons":[],"status":"passed","title":"creates a new linked Draft version and marks the old document Superseded"},{"ancestorTitles":["DocumentsService lifecycle transitions","replace"],"duration":2,"failureDetails":[],"failureMessages":[],"fullName":"DocumentsService lifecycle transitions replace rejects replacing a document that is already Superseded","invocations":1,"location":null,"numPassingAsserts":2,"retryReasons":[],"status":"passed","title":"rejects replacing a document that is already Superseded"},{"ancestorTitles":["DocumentsService lifecycle transitions","replace"],"duration":3,"failureDetails":[],"failureMessages":[],"fullName":"DocumentsService lifecycle transitions replace rolls back (rejects) when the old document loses the guarded-update race","invocations":1,"location":null,"numPassingAsserts":1,"retryReasons":[],"status":"passed","title":"rolls back (rejects) when the old document loses the guarded-update race"},{"ancestorTitles":["DocumentsService lifecycle transitions","listVersionHistory"],"duration":3,"failureDetails":[],"failureMessages":[],"fullName":"DocumentsService lifecycle transitions listVersionHistory resolves the root of the chain and returns every revision in order","invocations":1,"location":null,"numPassingAsserts":3,"retryReasons":[],"status":"passed","title":"resolves the root of the chain and returns every revision in order"}],"endTime":1788433908613,"message":"","name":"C:\\Users\\Balsem\\Desktop\\GMAO\\backend\\src\\documents\\documents.service.spec.ts","startTime":1788433877927,"status":"passed","summary":""},{"assertionResults":[{"ancestorTitles":["AiAnomalyController"],"duration":76,"failureDetails":[],"failureMessages":[],"fullName":"AiAnomalyController exposes model metadata only to admin and technician users","invocations":1,"location":null,"numPassingAsserts":1,"retryReasons":[],"status":"passed","title":"exposes model metadata only to admin and technician users"},{"ancestorTitles":["AiAnomalyController"],"duration":10,"failureDetails":[],"failureMessages":[],"fullName":"AiAnomalyController allows authenticated users to request analysis while deriving the actor from JWT","invocations":1,"location":null,"numPassingAsserts":1,"retryReasons":[],"status":"passed","title":"allows authenticated users to request analysis while deriving the actor from JWT"},{"ancestorTitles":["AiAnomalyController"],"duration":8,"failureDetails":[],"failureMessages":[],"fullName":"AiAnomalyController keeps history and validation restricted to admin and technician users","invocations":1,"location":null,"numPassingAsserts":3,"retryReasons":[],"status":"passed","title":"keeps history and validation restricted to admin and technician users"},{"ancestorTitles":["AiAnomalyController"],"duration":6,"failureDetails":[],"failureMessages":[],"fullName":"AiAnomalyController forwards validation status without trusting body user identifiers","invocations":1,"location":null,"numPassingAsserts":1,"retryReasons":[],"status":"passed","title":"forwards validation status without trusting body user identifiers"}],"endTime":1788433909123,"message":"","name":"C:\\Users\\Balsem\\Desktop\\GMAO\\backend\\src\\ai-anomaly\\ai-anomaly.controller.spec.ts","startTime":1788433877972,"status":"passed","summary":""},{"assertionResults":[{"ancestorTitles":["DocumentsController authorization"],"duration":74,"failureDetails":[],"failureMessages":[],"fullName":"DocumentsController authorization blocks unauthorized document deletion before storage or Mongo deletion runs","invocations":1,"location":null,"numPassingAsserts":2,"retryReasons":[],"status":"passed","title":"blocks unauthorized document deletion before storage or Mongo deletion runs"},{"ancestorTitles":["DocumentsController authorization"],"duration":12,"failureDetails":[],"failureMessages":[],"fullName":"DocumentsController authorization streams protected document files only after role authorization","invocations":1,"location":null,"numPassingAsserts":5,"retryReasons":[],"status":"passed","title":"streams protected document files only after role authorization"},{"ancestorTitles":["DocumentsController authorization"],"duration":5,"failureDetails":[],"failureMessages":[],"fullName":"DocumentsController authorization blocks cross-role document file access before storage reads run","invocations":1,"location":null,"numPassingAsserts":2,"retryReasons":[],"status":"passed","title":"blocks cross-role document file access before storage reads run"}],"endTime":1788433909548,"message":"","name":"C:\\Users\\Balsem\\Desktop\\GMAO\\backend\\src\\documents\\documents.controller.spec.ts","startTime":1788433877906,"status":"passed","summary":""},{"assertionResults":[{"ancestorTitles":["DocumentsUploadController"],"duration":37,"failureDetails":[],"failureMessages":[],"fullName":"DocumentsUploadController normalizes valid operator photos to WebP before creating the document record","invocations":1,"location":null,"numPassingAsserts":5,"retryReasons":[],"status":"passed","title":"normalizes valid operator photos to WebP before creating the document record"},{"ancestorTitles":["DocumentsUploadController"],"duration":6,"failureDetails":[],"failureMessages":[],"fullName":"DocumentsUploadController uses EXIF rotation, bounded resizing, metadata stripping, and WebP conversion","invocations":1,"location":null,"numPassingAsserts":6,"retryReasons":[],"status":"passed","title":"uses EXIF rotation, bounded resizing, metadata stripping, and WebP conversion"},{"ancestorTitles":["DocumentsUploadController"],"duration":6,"failureDetails":[],"failureMessages":[],"fullName":"DocumentsUploadController does not write or create a record when photo processing fails","invocations":1,"location":null,"numPassingAsserts":4,"retryReasons":[],"status":"passed","title":"does not write or create a record when photo processing fails"},{"ancestorTitles":["DocumentsUploadController"],"duration":8,"failureDetails":[],"failureMessages":[],"fullName":"DocumentsUploadController rejects forged or unassigned machine ids before storage","invocations":1,"location":null,"numPassingAsserts":3,"retryReasons":[],"status":"passed","title":"rejects forged or unassigned machine ids before storage"},{"ancestorTitles":["DocumentsUploadController"],"duration":3,"failureDetails":[],"failureMessages":[],"fullName":"DocumentsUploadController does not create a document record when storing the file fails","invocations":1,"location":null,"numPassingAsserts":3,"retryReasons":[],"status":"passed","title":"does not create a document record when storing the file fails"},{"ancestorTitles":["DocumentsUploadController"],"duration":3,"failureDetails":[],"failureMessages":[],"fullName":"DocumentsUploadController deletes the newly written file when document creation fails","invocations":1,"location":null,"numPassingAsserts":3,"retryReasons":[],"status":"passed","title":"deletes the newly written file when document creation fails"},{"ancestorTitles":["DocumentsUploadController"],"duration":2,"failureDetails":[],"failureMessages":[],"fullName":"DocumentsUploadController stores Supabase public document photos with stable path without persisting public URL","invocations":1,"location":null,"numPassingAsserts":1,"retryReasons":[],"status":"passed","title":"stores Supabase public document photos with stable path without persisting public URL"},{"ancestorTitles":["DocumentsUploadController"],"duration":1,"failureDetails":[],"failureMessages":[],"fullName":"DocumentsUploadController stores Supabase private document photos without persisting signed URLs","invocations":1,"location":null,"numPassingAsserts":1,"retryReasons":[],"status":"passed","title":"stores Supabase private document photos without persisting signed URLs"},{"ancestorTitles":["DocumentsUploadController"],"duration":40,"failureDetails":[],"failureMessages":[],"fullName":"DocumentsUploadController rolls back Supabase documents by stored storage path","invocations":1,"location":null,"numPassingAsserts":2,"retryReasons":[],"status":"passed","title":"rolls back Supabase documents by stored storage path"},{"ancestorTitles":["DocumentsUploadController"],"duration":4,"failureDetails":[],"failureMessages":[],"fullName":"DocumentsUploadController keeps non-photo document uploads unchanged","invocations":1,"location":null,"numPassingAsserts":3,"retryReasons":[],"status":"passed","title":"keeps non-photo document uploads unchanged"},{"ancestorTitles":["DocumentsUploadController","rejected non-photo uploads"],"duration":3,"failureDetails":[],"failureMessages":[],"fullName":"DocumentsUploadController rejected non-photo uploads quarantines an executable renamed as a PDF, records the rejection, and never creates a document","invocations":1,"location":null,"numPassingAsserts":4,"retryReasons":[],"status":"passed","title":"quarantines an executable renamed as a PDF, records the rejection, and never creates a document"},{"ancestorTitles":["DocumentsUploadController","rejected non-photo uploads"],"duration":2,"failureDetails":[],"failureMessages":[],"fullName":"DocumentsUploadController rejected non-photo uploads rejects an unsupported file extension without ever touching managed storage","invocations":1,"location":null,"numPassingAsserts":2,"retryReasons":[],"status":"passed","title":"rejects an unsupported file extension without ever touching managed storage"},{"ancestorTitles":["DocumentsUploadController","rejected non-photo uploads"],"duration":7,"failureDetails":[],"failureMessages":[],"fullName":"DocumentsUploadController rejected non-photo uploads rejects a file whose size exceeds the configured limit with a 413, and quarantines nothing further than the audit trail","invocations":1,"location":null,"numPassingAsserts":2,"retryReasons":[],"status":"passed","title":"rejects a file whose size exceeds the configured limit with a 413, and quarantines nothing further than the audit trail"},{"ancestorTitles":["DocumentsUploadController","rejected non-photo uploads"],"duration":10,"failureDetails":[],"failureMessages":[],"fullName":"DocumentsUploadController rejected non-photo uploads still throws the rejection exception even when quarantining the file itself fails","invocations":1,"location":null,"numPassingAsserts":3,"retryReasons":[],"status":"passed","title":"still throws the rejection exception even when quarantining the file itself fails"}],"endTime":1788433909681,"message":"","name":"C:\\Users\\Balsem\\Desktop\\GMAO\\backend\\src\\documents\\documents-upload.controller.spec.ts","startTime":1788433877813,"status":"passed","summary":""},{"assertionResults":[{"ancestorTitles":["PredictiveMaintenanceService","runPredictionForMachine"],"duration":9,"failureDetails":[],"failureMessages":[],"fullName":"PredictiveMaintenanceService runPredictionForMachine scores and persists one prediction per active model version","invocations":1,"location":null,"numPassingAsserts":4,"retryReasons":[],"status":"passed","title":"scores and persists one prediction per active model version"},{"ancestorTitles":["PredictiveMaintenanceService","runPredictionForMachine"],"duration":6,"failureDetails":[],"failureMessages":[],"fullName":"PredictiveMaintenanceService runPredictionForMachine derives health_score as 100 * (1 - anomalyScore)","invocations":1,"location":null,"numPassingAsserts":2,"retryReasons":[],"status":"passed","title":"derives health_score as 100 * (1 - anomalyScore)"},{"ancestorTitles":["PredictiveMaintenanceService","runPredictionForMachine"],"duration":4,"failureDetails":[],"failureMessages":[],"fullName":"PredictiveMaintenanceService runPredictionForMachine separates measured facts, model output notes, and uncertainty notes in the explanation","invocations":1,"location":null,"numPassingAsserts":4,"retryReasons":[],"status":"passed","title":"separates measured facts, model output notes, and uncertainty notes in the explanation"},{"ancestorTitles":["PredictiveMaintenanceService","runPredictionForMachine"],"duration":9,"failureDetails":[],"failureMessages":[],"fullName":"PredictiveMaintenanceService runPredictionForMachine marks risk CRITICAL whenever a critical alarm is active, regardless of anomaly score","invocations":1,"location":null,"numPassingAsserts":1,"retryReasons":[],"status":"passed","title":"marks risk CRITICAL whenever a critical alarm is active, regardless of anomaly score"},{"ancestorTitles":["PredictiveMaintenanceService","runPredictionForMachine"],"duration":2,"failureDetails":[],"failureMessages":[],"fullName":"PredictiveMaintenanceService runPredictionForMachine marks risk LOW when nothing stands out","invocations":1,"location":null,"numPassingAsserts":1,"retryReasons":[],"status":"passed","title":"marks risk LOW when nothing stands out"},{"ancestorTitles":["PredictiveMaintenanceService","runPredictionForMachine"],"duration":3,"failureDetails":[],"failureMessages":[],"fullName":"PredictiveMaintenanceService runPredictionForMachine marks risk INSUFFICIENT_DATA when the feature vector has no measurable data, even though the model itself would have scored it as healthy — while still persisting health_score/anomaly_score/confidence for audit purposes","invocations":1,"location":null,"numPassingAsserts":5,"retryReasons":[],"status":"passed","title":"marks risk INSUFFICIENT_DATA when the feature vector has no measurable data, even though the model itself would have scored it as healthy — while still persisting health_score/anomaly_score/confidence for audit purposes"},{"ancestorTitles":["PredictiveMaintenanceService","runPredictionForMachine"],"duration":2,"failureDetails":[],"failureMessages":[],"fullName":"PredictiveMaintenanceService runPredictionForMachine marks risk normally (not INSUFFICIENT_DATA) when the feature vector has real data, even if every count happens to be low","invocations":1,"location":null,"numPassingAsserts":1,"retryReasons":[],"status":"passed","title":"marks risk normally (not INSUFFICIENT_DATA) when the feature vector has real data, even if every count happens to be low"},{"ancestorTitles":["PredictiveMaintenanceService","role scoping"],"duration":3,"failureDetails":[],"failureMessages":[],"fullName":"PredictiveMaintenanceService role scoping predictForMachine asserts machine access before running predictions","invocations":1,"location":null,"numPassingAsserts":1,"retryReasons":[],"status":"passed","title":"predictForMachine asserts machine access before running predictions"},{"ancestorTitles":["PredictiveMaintenanceService","role scoping"],"duration":2,"failureDetails":[],"failureMessages":[],"fullName":"PredictiveMaintenanceService role scoping getLatestPredictions and getHistory both assert machine access","invocations":1,"location":null,"numPassingAsserts":1,"retryReasons":[],"status":"passed","title":"getLatestPredictions and getHistory both assert machine access"},{"ancestorTitles":["PredictiveMaintenanceService","role scoping"],"duration":3,"failureDetails":[],"failureMessages":[],"fullName":"PredictiveMaintenanceService role scoping getFleetSummary scopes to the caller accessible machine ids (non-Admin)","invocations":1,"location":null,"numPassingAsserts":1,"retryReasons":[],"status":"passed","title":"getFleetSummary scopes to the caller accessible machine ids (non-Admin)"},{"ancestorTitles":["PredictiveMaintenanceService","role scoping"],"duration":2,"failureDetails":[],"failureMessages":[],"fullName":"PredictiveMaintenanceService role scoping getFleetSummary is unrestricted for Admin (listAccessibleMachineIds returns null)","invocations":1,"location":null,"numPassingAsserts":1,"retryReasons":[],"status":"passed","title":"getFleetSummary is unrestricted for Admin (listAccessibleMachineIds returns null)"},{"ancestorTitles":["PredictiveMaintenanceService","getFleetSummary aggregation"],"duration":22,"failureDetails":[],"failureMessages":[],"fullName":"PredictiveMaintenanceService getFleetSummary aggregation returns nothing for a machine with no stored predictions yet","invocations":1,"location":null,"numPassingAsserts":1,"retryReasons":[],"status":"passed","title":"returns nothing for a machine with no stored predictions yet"},{"ancestorTitles":["PredictiveMaintenanceService","getFleetSummary aggregation"],"duration":4,"failureDetails":[],"failureMessages":[],"fullName":"PredictiveMaintenanceService getFleetSummary aggregation averages health/confidence and takes the worst risk level across model types for one machine","invocations":1,"location":null,"numPassingAsserts":4,"retryReasons":[],"status":"passed","title":"averages health/confidence and takes the worst risk level across model types for one machine"},{"ancestorTitles":["PredictiveMaintenanceService","getFleetSummary aggregation"],"duration":2,"failureDetails":[],"failureMessages":[],"fullName":"PredictiveMaintenanceService getFleetSummary aggregation treats INSUFFICIENT_DATA as the dominant risk level across model types, even over CRITICAL","invocations":1,"location":null,"numPassingAsserts":1,"retryReasons":[],"status":"passed","title":"treats INSUFFICIENT_DATA as the dominant risk level across model types, even over CRITICAL"},{"ancestorTitles":["PredictiveMaintenanceService","getPlanHealthSummaries"],"duration":5,"failureDetails":[],"failureMessages":[],"fullName":"PredictiveMaintenanceService getPlanHealthSummaries resolves each accessible plan to its machine via module_id and attaches a health summary","invocations":1,"location":null,"numPassingAsserts":3,"retryReasons":[],"status":"passed","title":"resolves each accessible plan to its machine via module_id and attaches a health summary"},{"ancestorTitles":["PredictiveMaintenanceService","getPlanHealthSummaries"],"duration":1,"failureDetails":[],"failureMessages":[],"fullName":"PredictiveMaintenanceService getPlanHealthSummaries returns an empty object when there are no accessible modules","invocations":1,"location":null,"numPassingAsserts":1,"retryReasons":[],"status":"passed","title":"returns an empty object when there are no accessible modules"}],"endTime":1788433910011,"message":"","name":"C:\\Users\\Balsem\\Desktop\\GMAO\\backend\\src\\predictive-maintenance\\predictive-maintenance.service.spec.ts","startTime":1788433906461,"status":"passed","summary":""},{"assertionResults":[{"ancestorTitles":["PredictiveMaintenanceSchedulerService"],"duration":10,"failureDetails":[],"failureMessages":[],"fullName":"PredictiveMaintenanceSchedulerService bootstraps missing model versions before sweeping machines","invocations":1,"location":null,"numPassingAsserts":1,"retryReasons":[],"status":"passed","title":"bootstraps missing model versions before sweeping machines"},{"ancestorTitles":["PredictiveMaintenanceSchedulerService"],"duration":16,"failureDetails":[],"failureMessages":[],"fullName":"PredictiveMaintenanceSchedulerService runs a prediction for every machine and reports how many were processed","invocations":1,"location":null,"numPassingAsserts":2,"retryReasons":[],"status":"passed","title":"runs a prediction for every machine and reports how many were processed"},{"ancestorTitles":["PredictiveMaintenanceSchedulerService"],"duration":7,"failureDetails":[],"failureMessages":[],"fullName":"PredictiveMaintenanceSchedulerService continues sweeping remaining machines when one machine fails","invocations":1,"location":null,"numPassingAsserts":2,"retryReasons":[],"status":"passed","title":"continues sweeping remaining machines when one machine fails"},{"ancestorTitles":["PredictiveMaintenanceSchedulerService"],"duration":2,"failureDetails":[],"failureMessages":[],"fullName":"PredictiveMaintenanceSchedulerService skips the sweep entirely when disabled via configuration","invocations":1,"location":null,"numPassingAsserts":3,"retryReasons":[],"status":"passed","title":"skips the sweep entirely when disabled via configuration"}],"endTime":1788433910762,"message":"","name":"C:\\Users\\Balsem\\Desktop\\GMAO\\backend\\src\\predictive-maintenance\\predictive-maintenance-scheduler.service.spec.ts","startTime":1788433909206,"status":"passed","summary":""},{"assertionResults":[{"ancestorTitles":["MqttIngestionService.handleMessage"],"duration":4,"failureDetails":[],"failureMessages":[],"fullName":"MqttIngestionService.handleMessage ignores a message on a topic that is not devices/{id}/{kind}","invocations":1,"location":null,"numPassingAsserts":1,"retryReasons":[],"status":"passed","title":"ignores a message on a topic that is not devices/{id}/{kind}"},{"ancestorTitles":["MqttIngestionService.handleMessage"],"duration":4,"failureDetails":[],"failureMessages":[],"fullName":"MqttIngestionService.handleMessage ignores a message with malformed JSON","invocations":1,"location":null,"numPassingAsserts":1,"retryReasons":[],"status":"passed","title":"ignores a message with malformed JSON"},{"ancestorTitles":["MqttIngestionService.handleMessage"],"duration":2,"failureDetails":[],"failureMessages":[],"fullName":"MqttIngestionService.handleMessage ignores a message with no api_key rather than treating the device as authenticated","invocations":1,"location":null,"numPassingAsserts":1,"retryReasons":[],"status":"passed","title":"ignores a message with no api_key rather than treating the device as authenticated"},{"ancestorTitles":["MqttIngestionService.handleMessage"],"duration":1,"failureDetails":[],"failureMessages":[],"fullName":"MqttIngestionService.handleMessage drops a message when device credential verification fails","invocations":1,"location":null,"numPassingAsserts":1,"retryReasons":[],"status":"passed","title":"drops a message when device credential verification fails"},{"ancestorTitles":["MqttIngestionService.handleMessage"],"duration":3,"failureDetails":[],"failureMessages":[],"fullName":"MqttIngestionService.handleMessage routes a verified heartbeat message to recordHeartbeat","invocations":1,"location":null,"numPassingAsserts":2,"retryReasons":[],"status":"passed","title":"routes a verified heartbeat message to recordHeartbeat"},{"ancestorTitles":["MqttIngestionService.handleMessage"],"duration":3,"failureDetails":[],"failureMessages":[],"fullName":"MqttIngestionService.handleMessage routes a verified telemetry message to recordTelemetry and pushes a live update","invocations":1,"location":null,"numPassingAsserts":2,"retryReasons":[],"status":"passed","title":"routes a verified telemetry message to recordTelemetry and pushes a live update"},{"ancestorTitles":["MqttIngestionService.handleMessage"],"duration":2,"failureDetails":[],"failureMessages":[],"fullName":"MqttIngestionService.handleMessage routes a verified fault message to recordFault and pushes a live update","invocations":1,"location":null,"numPassingAsserts":2,"retryReasons":[],"status":"passed","title":"routes a verified fault message to recordFault and pushes a live update"},{"ancestorTitles":["MqttIngestionService.handleMessage"],"duration":12,"failureDetails":[],"failureMessages":[],"fullName":"MqttIngestionService.handleMessage emits a status-change event when a message brings a device back online","invocations":1,"location":null,"numPassingAsserts":1,"retryReasons":[],"status":"passed","title":"emits a status-change event when a message brings a device back online"},{"ancestorTitles":["MqttIngestionService.handleMessage"],"duration":2,"failureDetails":[],"failureMessages":[],"fullName":"MqttIngestionService.handleMessage ignores an unrecognized topic kind","invocations":1,"location":null,"numPassingAsserts":3,"retryReasons":[],"status":"passed","title":"ignores an unrecognized topic kind"}],"endTime":1788433910762,"message":"","name":"C:\\Users\\Balsem\\Desktop\\GMAO\\backend\\src\\device-monitoring\\mqtt-ingestion.service.spec.ts","startTime":1788433908271,"status":"passed","summary":""},{"assertionResults":[{"ancestorTitles":["DeviceAuthService","generateApiKey"],"duration":222,"failureDetails":[],"failureMessages":[],"fullName":"DeviceAuthService generateApiKey generates a raw key containing the prefix and a bcrypt hash of the full key","invocations":1,"location":null,"numPassingAsserts":3,"retryReasons":[],"status":"passed","title":"generates a raw key containing the prefix and a bcrypt hash of the full key"},{"ancestorTitles":["DeviceAuthService","generateApiKey"],"duration":423,"failureDetails":[],"failureMessages":[],"fullName":"DeviceAuthService generateApiKey never generates the same key twice","invocations":1,"location":null,"numPassingAsserts":1,"retryReasons":[],"status":"passed","title":"never generates the same key twice"},{"ancestorTitles":["DeviceAuthService","verifyCredentials"],"duration":19,"failureDetails":[],"failureMessages":[],"fullName":"DeviceAuthService verifyCredentials rejects a malformed key with no prefix separator","invocations":1,"location":null,"numPassingAsserts":2,"retryReasons":[],"status":"passed","title":"rejects a malformed key with no prefix separator"},{"ancestorTitles":["DeviceAuthService","verifyCredentials"],"duration":2,"failureDetails":[],"failureMessages":[],"fullName":"DeviceAuthService verifyCredentials rejects an unknown device id","invocations":1,"location":null,"numPassingAsserts":1,"retryReasons":[],"status":"passed","title":"rejects an unknown device id"},{"ancestorTitles":["DeviceAuthService","verifyCredentials"],"duration":170,"failureDetails":[],"failureMessages":[],"fullName":"DeviceAuthService verifyCredentials rejects a deactivated device even with the correct key","invocations":1,"location":null,"numPassingAsserts":1,"retryReasons":[],"status":"passed","title":"rejects a deactivated device even with the correct key"},{"ancestorTitles":["DeviceAuthService","verifyCredentials"],"duration":550,"failureDetails":[],"failureMessages":[],"fullName":"DeviceAuthService verifyCredentials rejects a wrong key for a real, active device","invocations":1,"location":null,"numPassingAsserts":1,"retryReasons":[],"status":"passed","title":"rejects a wrong key for a real, active device"},{"ancestorTitles":["DeviceAuthService","verifyCredentials"],"duration":595,"failureDetails":[],"failureMessages":[],"fullName":"DeviceAuthService verifyCredentials accepts the correct key for a real, active device and returns it","invocations":1,"location":null,"numPassingAsserts":2,"retryReasons":[],"status":"passed","title":"accepts the correct key for a real, active device and returns it"},{"ancestorTitles":["DeviceAuthService","getDeviceOrThrow"],"duration":4,"failureDetails":[],"failureMessages":[],"fullName":"DeviceAuthService getDeviceOrThrow rejects an invalid Mongo id","invocations":1,"location":null,"numPassingAsserts":1,"retryReasons":[],"status":"passed","title":"rejects an invalid Mongo id"},{"ancestorTitles":["DeviceAuthService","getDeviceOrThrow"],"duration":2,"failureDetails":[],"failureMessages":[],"fullName":"DeviceAuthService getDeviceOrThrow rejects a missing device","invocations":1,"location":null,"numPassingAsserts":1,"retryReasons":[],"status":"passed","title":"rejects a missing device"},{"ancestorTitles":["DeviceAuthService","getDeviceOrThrow"],"duration":1,"failureDetails":[],"failureMessages":[],"fullName":"DeviceAuthService getDeviceOrThrow rejects a deactivated device","invocations":1,"location":null,"numPassingAsserts":1,"retryReasons":[],"status":"passed","title":"rejects a deactivated device"},{"ancestorTitles":["DeviceAuthService","getDeviceOrThrow"],"duration":1,"failureDetails":[],"failureMessages":[],"fullName":"DeviceAuthService getDeviceOrThrow returns an active device","invocations":1,"location":null,"numPassingAsserts":1,"retryReasons":[],"status":"passed","title":"returns an active device"}],"endTime":1788433911801,"message":"","name":"C:\\Users\\Balsem\\Desktop\\GMAO\\backend\\src\\device-monitoring\\device-auth.service.spec.ts","startTime":1788433908647,"status":"passed","summary":""},{"assertionResults":[{"ancestorTitles":["ExcelReportRenderer"],"duration":12,"failureDetails":[],"failureMessages":[],"fullName":"ExcelReportRenderer reports the expected format metadata","invocations":1,"location":null,"numPassingAsserts":3,"retryReasons":[],"status":"passed","title":"reports the expected format metadata"},{"ancestorTitles":["ExcelReportRenderer"],"duration":389,"failureDetails":[],"failureMessages":[],"fullName":"ExcelReportRenderer produces a workbook that can be read back with the header row and every data row","invocations":1,"location":null,"numPassingAsserts":3,"retryReasons":[],"status":"passed","title":"produces a workbook that can be read back with the header row and every data row"},{"ancestorTitles":["ExcelReportRenderer"],"duration":43,"failureDetails":[],"failureMessages":[],"fullName":"ExcelReportRenderer truncates and sanitizes an overlong or invalid sheet name","invocations":1,"location":null,"numPassingAsserts":2,"retryReasons":[],"status":"passed","title":"truncates and sanitizes an overlong or invalid sheet name"},{"ancestorTitles":["ExcelReportRenderer"],"duration":105,"failureDetails":[],"failureMessages":[],"fullName":"ExcelReportRenderer appends a summary section beneath the data rows","invocations":1,"location":null,"numPassingAsserts":1,"retryReasons":[],"status":"passed","title":"appends a summary section beneath the data rows"}],"endTime":1788433911836,"message":"","name":"C:\\Users\\Balsem\\Desktop\\GMAO\\backend\\src\\reports\\renderers\\excel-report-renderer.spec.ts","startTime":1788433907840,"status":"passed","summary":""},{"assertionResults":[{"ancestorTitles":["LiveMonitoringGateway","handleConnection"],"duration":8,"failureDetails":[],"failureMessages":[],"fullName":"LiveMonitoringGateway handleConnection synchronously stashes an awaitable auth promise on client.data before any await","invocations":1,"location":null,"numPassingAsserts":1,"retryReasons":[],"status":"passed","title":"synchronously stashes an awaitable auth promise on client.data before any await"},{"ancestorTitles":["LiveMonitoringGateway","handleConnection"],"duration":5,"failureDetails":[],"failureMessages":[],"fullName":"LiveMonitoringGateway handleConnection disconnects a client presenting neither a token nor device credentials","invocations":1,"location":null,"numPassingAsserts":2,"retryReasons":[],"status":"passed","title":"disconnects a client presenting neither a token nor device credentials"},{"ancestorTitles":["LiveMonitoringGateway","handleConnection"],"duration":2,"failureDetails":[],"failureMessages":[],"fullName":"LiveMonitoringGateway handleConnection rejects query-parameter token authentication","invocations":1,"location":null,"numPassingAsserts":3,"retryReasons":[],"status":"passed","title":"rejects query-parameter token authentication"},{"ancestorTitles":["LiveMonitoringGateway","handleConnection"],"duration":3,"failureDetails":[],"failureMessages":[],"fullName":"LiveMonitoringGateway handleConnection authenticates a device socket via DeviceAuthService, never touching JwtService","invocations":1,"location":null,"numPassingAsserts":3,"retryReasons":[],"status":"passed","title":"authenticates a device socket via DeviceAuthService, never touching JwtService"},{"ancestorTitles":["LiveMonitoringGateway","handleConnection"],"duration":3,"failureDetails":[],"failureMessages":[],"fullName":"LiveMonitoringGateway handleConnection disconnects a device socket presenting invalid credentials","invocations":1,"location":null,"numPassingAsserts":1,"retryReasons":[],"status":"passed","title":"disconnects a device socket presenting invalid credentials"},{"ancestorTitles":["LiveMonitoringGateway","handleConnection"],"duration":3,"failureDetails":[],"failureMessages":[],"fullName":"LiveMonitoringGateway handleConnection authenticates a user socket via a verified JWT and ignores a forged handshake role","invocations":1,"location":null,"numPassingAsserts":3,"retryReasons":[],"status":"passed","title":"authenticates a user socket via a verified JWT and ignores a forged handshake role"},{"ancestorTitles":["LiveMonitoringGateway","handleConnection"],"duration":2,"failureDetails":[],"failureMessages":[],"fullName":"LiveMonitoringGateway handleConnection disconnects a user socket presenting an invalid or expired JWT","invocations":1,"location":null,"numPassingAsserts":2,"retryReasons":[],"status":"passed","title":"disconnects a user socket presenting an invalid or expired JWT"},{"ancestorTitles":["LiveMonitoringGateway","handleConnection"],"duration":6,"failureDetails":[],"failureMessages":[],"fullName":"LiveMonitoringGateway handleConnection rejects inactive, rejected, pending, and incomplete-profile users from the current database record","invocations":1,"location":null,"numPassingAsserts":8,"retryReasons":[],"status":"passed","title":"rejects inactive, rejected, pending, and incomplete-profile users from the current database record"},{"ancestorTitles":["LiveMonitoringGateway","handleConnection"],"duration":2,"failureDetails":[],"failureMessages":[],"fullName":"LiveMonitoringGateway handleConnection a message handler awaiting the auth promise sees the resolved identity even if the message arrives before authentication settles","invocations":1,"location":null,"numPassingAsserts":1,"retryReasons":[],"status":"passed","title":"a message handler awaiting the auth promise sees the resolved identity even if the message arrives before authentication settles"},{"ancestorTitles":["LiveMonitoringGateway","subscribe:machine"],"duration":2,"failureDetails":[],"failureMessages":[],"fullName":"LiveMonitoringGateway subscribe:machine rejects a device socket attempting to subscribe to a machine room","invocations":1,"location":null,"numPassingAsserts":2,"retryReasons":[],"status":"passed","title":"rejects a device socket attempting to subscribe to a machine room"},{"ancestorTitles":["LiveMonitoringGateway","subscribe:machine"],"duration":2,"failureDetails":[],"failureMessages":[],"fullName":"LiveMonitoringGateway subscribe:machine rejects arbitrary room strings and malformed machine IDs before access checks","invocations":1,"location":null,"numPassingAsserts":3,"retryReasons":[],"status":"passed","title":"rejects arbitrary room strings and malformed machine IDs before access checks"},{"ancestorTitles":["LiveMonitoringGateway","subscribe:machine"],"duration":2,"failureDetails":[],"failureMessages":[],"fullName":"LiveMonitoringGateway subscribe:machine rejects a user socket subscribing to a machine it cannot access without revealing existence","invocations":1,"location":null,"numPassingAsserts":2,"retryReasons":[],"status":"passed","title":"rejects a user socket subscribing to a machine it cannot access without revealing existence"},{"ancestorTitles":["LiveMonitoringGateway","subscribe:machine"],"duration":2,"failureDetails":[],"failureMessages":[],"fullName":"LiveMonitoringGateway subscribe:machine joins the generated machine room for a user socket that is allowed to access it","invocations":1,"location":null,"numPassingAsserts":2,"retryReasons":[],"status":"passed","title":"joins the generated machine room for a user socket that is allowed to access it"},{"ancestorTitles":["LiveMonitoringGateway","subscribe:machine"],"duration":2,"failureDetails":[],"failureMessages":[],"fullName":"LiveMonitoringGateway subscribe:machine does not join the same machine room twice for repeated subscriptions","invocations":1,"location":null,"numPassingAsserts":1,"retryReasons":[],"status":"passed","title":"does not join the same machine room twice for repeated subscriptions"},{"ancestorTitles":["LiveMonitoringGateway","device:* message handlers reject non-device sockets"],"duration":1,"failureDetails":[],"failureMessages":[],"fullName":"LiveMonitoringGateway device:* message handlers reject non-device sockets device:heartbeat is a no-op for a user socket","invocations":1,"location":null,"numPassingAsserts":2,"retryReasons":[],"status":"passed","title":"device:heartbeat is a no-op for a user socket"},{"ancestorTitles":["LiveMonitoringGateway","device:* message handlers reject non-device sockets"],"duration":1,"failureDetails":[],"failureMessages":[],"fullName":"LiveMonitoringGateway device:* message handlers reject non-device sockets device:telemetry is rejected for a user socket","invocations":1,"location":null,"numPassingAsserts":2,"retryReasons":[],"status":"passed","title":"device:telemetry is rejected for a user socket"},{"ancestorTitles":["LiveMonitoringGateway","device:* message handlers reject non-device sockets"],"duration":1,"failureDetails":[],"failureMessages":[],"fullName":"LiveMonitoringGateway device:* message handlers reject non-device sockets device:fault is rejected for a user socket","invocations":1,"location":null,"numPassingAsserts":2,"retryReasons":[],"status":"passed","title":"device:fault is rejected for a user socket"},{"ancestorTitles":["LiveMonitoringGateway","device:telemetry for an authenticated device socket"],"duration":5,"failureDetails":[],"failureMessages":[],"fullName":"LiveMonitoringGateway device:telemetry for an authenticated device socket re-verifies the device is still active before ingesting","invocations":1,"location":null,"numPassingAsserts":3,"retryReasons":[],"status":"passed","title":"re-verifies the device is still active before ingesting"},{"ancestorTitles":["LiveMonitoringGateway","device:telemetry for an authenticated device socket"],"duration":1,"failureDetails":[],"failureMessages":[],"fullName":"LiveMonitoringGateway device:telemetry for an authenticated device socket a deactivated device is rejected mid-session even with a still-open socket","invocations":1,"location":null,"numPassingAsserts":2,"retryReasons":[],"status":"passed","title":"a deactivated device is rejected mid-session even with a still-open socket"},{"ancestorTitles":["LiveMonitoringGateway","emit helpers"],"duration":3,"failureDetails":[],"failureMessages":[],"fullName":"LiveMonitoringGateway emit helpers emit* methods are no-ops before the socket.io server is attached","invocations":1,"location":null,"numPassingAsserts":3,"retryReasons":[],"status":"passed","title":"emit* methods are no-ops before the socket.io server is attached"},{"ancestorTitles":["LiveMonitoringGateway","emit helpers"],"duration":2,"failureDetails":[],"failureMessages":[],"fullName":"LiveMonitoringGateway emit helpers emits to the correct machine room once the server is attached","invocations":1,"location":null,"numPassingAsserts":3,"retryReasons":[],"status":"passed","title":"emits to the correct machine room once the server is attached"}],"endTime":1788433911955,"message":"","name":"C:\\Users\\Balsem\\Desktop\\GMAO\\backend\\src\\device-monitoring\\live-monitoring.gateway.spec.ts","startTime":1788433909565,"status":"passed","summary":""},{"assertionResults":[{"ancestorTitles":["AutoencoderModel"],"duration":524,"failureDetails":[],"failureMessages":[],"fullName":"AutoencoderModel trains a network sized off the feature vector length","invocations":1,"location":null,"numPassingAsserts":7,"retryReasons":[],"status":"passed","title":"trains a network sized off the feature vector length"},{"ancestorTitles":["AutoencoderModel"],"duration":302,"failureDetails":[],"failureMessages":[],"fullName":"AutoencoderModel reduces reconstruction loss over training relative to an untrained network","invocations":1,"location":null,"numPassingAsserts":1,"retryReasons":[],"status":"passed","title":"reduces reconstruction loss over training relative to an untrained network"},{"ancestorTitles":["AutoencoderModel"],"duration":355,"failureDetails":[],"failureMessages":[],"fullName":"AutoencoderModel reconstructs a point resembling the training population better than a wild outlier","invocations":1,"location":null,"numPassingAsserts":1,"retryReasons":[],"status":"passed","title":"reconstructs a point resembling the training population better than a wild outlier"},{"ancestorTitles":["AutoencoderModel"],"duration":228,"failureDetails":[],"failureMessages":[],"fullName":"AutoencoderModel is fully reproducible given the same samples and seed","invocations":1,"location":null,"numPassingAsserts":3,"retryReasons":[],"status":"passed","title":"is fully reproducible given the same samples and seed"},{"ancestorTitles":["AutoencoderModel"],"duration":2,"failureDetails":[],"failureMessages":[],"fullName":"AutoencoderModel handles an empty training set without throwing","invocations":1,"location":null,"numPassingAsserts":1,"retryReasons":[],"status":"passed","title":"handles an empty training set without throwing"}],"endTime":1788433912231,"message":"","name":"C:\\Users\\Balsem\\Desktop\\GMAO\\backend\\src\\predictive-maintenance\\models\\autoencoder.model.spec.ts","startTime":1788433910331,"status":"passed","summary":""},{"assertionResults":[{"ancestorTitles":["TelemetryIngestionService","recordHeartbeat"],"duration":5,"failureDetails":[],"failureMessages":[],"fullName":"TelemetryIngestionService recordHeartbeat marks the device seen and online, reporting cameOnline when it was not already online","invocations":1,"location":null,"numPassingAsserts":2,"retryReasons":[],"status":"passed","title":"marks the device seen and online, reporting cameOnline when it was not already online"},{"ancestorTitles":["TelemetryIngestionService","recordHeartbeat"],"duration":2,"failureDetails":[],"failureMessages":[],"fullName":"TelemetryIngestionService recordHeartbeat reports cameOnline=false when the device was already online","invocations":1,"location":null,"numPassingAsserts":1,"retryReasons":[],"status":"passed","title":"reports cameOnline=false when the device was already online"},{"ancestorTitles":["TelemetryIngestionService","recordTelemetry"],"duration":46,"failureDetails":[],"failureMessages":[],"fullName":"TelemetryIngestionService recordTelemetry rejects a payload with no metrics","invocations":1,"location":null,"numPassingAsserts":1,"retryReasons":[],"status":"passed","title":"rejects a payload with no metrics"},{"ancestorTitles":["TelemetryIngestionService","recordTelemetry"],"duration":2,"failureDetails":[],"failureMessages":[],"fullName":"TelemetryIngestionService recordTelemetry persists a telemetry record scoped to the device and its machine","invocations":1,"location":null,"numPassingAsserts":3,"retryReasons":[],"status":"passed","title":"persists a telemetry record scoped to the device and its machine"},{"ancestorTitles":["TelemetryIngestionService","recordFault"],"duration":3,"failureDetails":[],"failureMessages":[],"fullName":"TelemetryIngestionService recordFault rejects a payload with no code_panne","invocations":1,"location":null,"numPassingAsserts":1,"retryReasons":[],"status":"passed","title":"rejects a payload with no code_panne"},{"ancestorTitles":["TelemetryIngestionService","recordFault"],"duration":1,"failureDetails":[],"failureMessages":[],"fullName":"TelemetryIngestionService recordFault persists a fault event and does not notify for non-critical severity","invocations":1,"location":null,"numPassingAsserts":1,"retryReasons":[],"status":"passed","title":"persists a fault event and does not notify for non-critical severity"},{"ancestorTitles":["TelemetryIngestionService","recordFault"],"duration":3,"failureDetails":[],
[...]
ilureDetails":[],"failureMessages":[],"fullName":"validateManagedDocumentUpload rejects a file over the configured size limit","invocations":1,"location":null,"numPassingAsserts":2,"retryReasons":[],"status":"passed","title":"rejects a file over the configured size limit"},{"ancestorTitles":["validateManagedDocumentUpload"],"duration":2,"failureDetails":[],"failureMessages":[],"fullName":"validateManagedDocumentUpload rejects path-traversal and separator characters in the file name","invocations":1,"location":null,"numPassingAsserts":4,"retryReasons":[],"status":"passed","title":"rejects path-traversal and separator characters in the file name"},{"ancestorTitles":["validateManagedDocumentUpload"],"duration":1,"failureDetails":[],"failureMessages":[],"fullName":"validateManagedDocumentUpload rejects a file name containing control characters","invocations":1,"location":null,"numPassingAsserts":1,"retryReasons":[],"status":"passed","title":"rejects a file name containing control characters"},{"ancestorTitles":["validateManagedDocumentUpload"],"duration":1,"failureDetails":[],"failureMessages":[],"fullName":"validateManagedDocumentUpload rejects an unrecognized extension outright, before checking content","invocations":1,"location":null,"numPassingAsserts":1,"retryReasons":[],"status":"passed","title":"rejects an unrecognized extension outright, before checking content"},{"ancestorTitles":["validateManagedDocumentUpload"],"duration":1,"failureDetails":[],"failureMessages":[],"fullName":"validateManagedDocumentUpload rejects a declared MIME type that does not match the extension","invocations":1,"location":null,"numPassingAsserts":1,"retryReasons":[],"status":"passed","title":"rejects a declared MIME type that does not match the extension"},{"ancestorTitles":["validateManagedDocumentUpload"],"duration":0,"failureDetails":[],"failureMessages":[],"fullName":"validateManagedDocumentUpload rejects an executable renamed with a document extension (magic bytes fail content verification)","invocations":1,"location":null,"numPassingAsserts":1,"retryReasons":[],"status":"passed","title":"rejects an executable renamed with a document extension (magic bytes fail content verification)"},{"ancestorTitles":["isSafeFileName"],"duration":0,"failureDetails":[],"failureMessages":[],"fullName":"isSafeFileName accepts ordinary file names","invocations":1,"location":null,"numPassingAsserts":1,"retryReasons":[],"status":"passed","title":"accepts ordinary file names"},{"ancestorTitles":["isSafeFileName"],"duration":1,"failureDetails":[],"failureMessages":[],"fullName":"isSafeFileName rejects \".\" and \"..\"","invocations":1,"location":null,"numPassingAsserts":2,"retryReasons":[],"status":"passed","title":"rejects \".\" and \"..\""},{"ancestorTitles":["isSafeFileName"],"duration":1,"failureDetails":[],"failureMessages":[],"fullName":"isSafeFileName rejects names with leading/trailing whitespace","invocations":1,"location":null,"numPassingAsserts":2,"retryReasons":[],"status":"passed","title":"rejects names with leading/trailing whitespace"},{"ancestorTitles":["isSafeFileName"],"duration":1,"failureDetails":[],"failureMessages":[],"fullName":"isSafeFileName rejects names over the maximum length","invocations":1,"location":null,"numPassingAsserts":1,"retryReasons":[],"status":"passed","title":"rejects names over the maximum length"}],"endTime":1788433918703,"message":"","name":"C:\\Users\\Balsem\\Desktop\\GMAO\\backend\\src\\documents\\document-file-validation.spec.ts","startTime":1788433918531,"status":"passed","summary":""},{"assertionResults":[{"ancestorTitles":["FeatureExtractionService"],"duration":12,"failureDetails":[],"failureMessages":[],"fullName":"FeatureExtractionService returns a feature vector matching FEATURE_NAMES length, all zero except the \"no recent intervention\" sentinel when there is no data","invocations":1,"location":null,"numPassingAsserts":14,"retryReasons":[],"status":"passed","title":"returns a feature vector matching FEATURE_NAMES length, all zero except the \"no recent intervention\" sentinel when there is no data"},{"ancestorTitles":["FeatureExtractionService"],"duration":2,"failureDetails":[],"failureMessages":[],"fullName":"FeatureExtractionService marks isEmpty true when literally no data exists for the machine","invocations":1,"location":null,"numPassingAsserts":1,"retryReasons":[],"status":"passed","title":"marks isEmpty true when literally no data exists for the machine"},{"ancestorTitles":["FeatureExtractionService"],"duration":2,"failureDetails":[],"failureMessages":[],"fullName":"FeatureExtractionService marks isEmpty false as soon as any one data source has activity, even if every other source is empty","invocations":1,"location":null,"numPassingAsserts":1,"retryReasons":[],"status":"passed","title":"marks isEmpty false as soon as any one data source has activity, even if every other source is empty"},{"ancestorTitles":["FeatureExtractionService"],"duration":2,"failureDetails":[],"failureMessages":[],"fullName":"FeatureExtractionService counts telemetry samples and distinct metric keys within the telemetry window","invocations":1,"location":null,"numPassingAsserts":2,"retryReasons":[],"status":"passed","title":"counts telemetry samples and distinct metric keys within the telemetry window"},{"ancestorTitles":["FeatureExtractionService"],"duration":3,"failureDetails":[],"failureMessages":[],"fullName":"FeatureExtractionService computes a high max z-score when one telemetry reading is a wild outlier within its own metric key","invocations":1,"location":null,"numPassingAsserts":1,"retryReasons":[],"status":"passed","title":"computes a high max z-score when one telemetry reading is a wild outlier within its own metric key"},{"ancestorTitles":["FeatureExtractionService"],"duration":3,"failureDetails":[],"failureMessages":[],"fullName":"FeatureExtractionService counts active alarms and separates critical ones","invocations":1,"location":null,"numPassingAsserts":3,"retryReasons":[],"status":"passed","title":"counts active alarms and separates critical ones"},{"ancestorTitles":["FeatureExtractionService"],"duration":3,"failureDetails":[],"failureMessages":[],"fullName":"FeatureExtractionService reports corrective/preventive/overdue work order counts independently","invocations":1,"location":null,"numPassingAsserts":3,"retryReasons":[],"status":"passed","title":"reports corrective/preventive/overdue work order counts independently"},{"ancestorTitles":["FeatureExtractionService"],"duration":2,"failureDetails":[],"failureMessages":[],"fullName":"FeatureExtractionService reports zero active maintenance plans when the machine has no modules","invocations":1,"location":null,"numPassingAsserts":1,"retryReasons":[],"status":"passed","title":"reports zero active maintenance plans when the machine has no modules"},{"ancestorTitles":["FeatureExtractionService"],"duration":2,"failureDetails":[],"failureMessages":[],"fullName":"FeatureExtractionService reports the configured active maintenance plan count when the machine has modules","invocations":1,"location":null,"numPassingAsserts":1,"retryReasons":[],"status":"passed","title":"reports the configured active maintenance plan count when the machine has modules"},{"ancestorTitles":["FeatureExtractionService"],"duration":3,"failureDetails":[],"failureMessages":[],"fullName":"FeatureExtractionService uses the sentinel \"no recent intervention\" value when there are no completed reports","invocations":1,"location":null,"numPassingAsserts":2,"retryReasons":[],"status":"passed","title":"uses the sentinel \"no recent intervention\" value when there are no completed reports"},{"ancestorTitles":["FeatureExtractionService"],"duration":3,"failureDetails":[],"failureMessages":[],"fullName":"FeatureExtractionService computes average resolution days and days since last intervention from reports","invocations":1,"location":null,"numPassingAsserts":2,"retryReasons":[],"status":"passed","title":"computes average resolution days and days since last intervention from reports"},{"ancestorTitles":["FeatureExtractionService"],"duration":2,"failureDetails":[],"failureMessages":[],"fullName":"FeatureExtractionService always returns exactly seven measured-fact sentences","invocations":1,"location":null,"numPassingAsserts":1,"retryReasons":[],"status":"passed","title":"always returns exactly seven measured-fact sentences"}],"endTime":1788433918746,"message":"","name":"C:\\Users\\Balsem\\Desktop\\GMAO\\backend\\src\\predictive-maintenance\\feature-extraction.service.spec.ts","startTime":1788433917064,"status":"passed","summary":""},{"assertionResults":[{"ancestorTitles":["GeminiAiProvider"],"duration":2,"failureDetails":[],"failureMessages":[],"fullName":"GeminiAiProvider is named \"gemini\"","invocations":1,"location":null,"numPassingAsserts":1,"retryReasons":[],"status":"passed","title":"is named \"gemini\""},{"ancestorTitles":["GeminiAiProvider"],"duration":1,"failureDetails":[],"failureMessages":[],"fullName":"GeminiAiProvider reports configured diagnostics without exposing the API key","invocations":1,"location":null,"numPassingAsserts":2,"retryReasons":[],"status":"passed","title":"reports configured diagnostics without exposing the API key"},{"ancestorTitles":["GeminiAiProvider"],"duration":2,"failureDetails":[],"failureMessages":[],"fullName":"GeminiAiProvider parses a well-formed structured JSON response into an answer","invocations":1,"location":null,"numPassingAsserts":3,"retryReasons":[],"status":"passed","title":"parses a well-formed structured JSON response into an answer"},{"ancestorTitles":["GeminiAiProvider"],"duration":2,"failureDetails":[],"failureMessages":[],"fullName":"GeminiAiProvider requests Gemini JSON mode with the shared response schema and abort signal","invocations":1,"location":null,"numPassingAsserts":4,"retryReasons":[],"status":"passed","title":"requests Gemini JSON mode with the shared response schema and abort signal"},{"ancestorTitles":["GeminiAiProvider"],"duration":4,"failureDetails":[],"failureMessages":[],"fullName":"GeminiAiProvider maps invalid credentials from Gemini","invocations":1,"location":null,"numPassingAsserts":2,"retryReasons":[],"status":"passed","title":"maps invalid credentials from Gemini"},{"ancestorTitles":["GeminiAiProvider"],"duration":2,"failureDetails":[],"failureMessages":[],"fullName":"GeminiAiProvider maps Gemini quota limits","invocations":1,"location":null,"numPassingAsserts":1,"retryReasons":[],"status":"passed","title":"maps Gemini quota limits"},{"ancestorTitles":["GeminiAiProvider"],"duration":2,"failureDetails":[],"failureMessages":[],"fullName":"GeminiAiProvider maps unavailable Gemini models to missing configuration","invocations":1,"location":null,"numPassingAsserts":1,"retryReasons":[],"status":"passed","title":"maps unavailable Gemini models to missing configuration"},{"ancestorTitles":["GeminiAiProvider"],"duration":2,"failureDetails":[],"failureMessages":[],"fullName":"GeminiAiProvider maps temporary Gemini failures and malformed output","invocations":1,"location":null,"numPassingAsserts":2,"retryReasons":[],"status":"passed","title":"maps temporary Gemini failures and malformed output"},{"ancestorTitles":["GeminiAiProvider"],"duration":2,"failureDetails":[],"failureMessages":[],"fullName":"GeminiAiProvider parses JSON when Gemini wraps it in a markdown code fence","invocations":1,"location":null,"numPassingAsserts":2,"retryReasons":[],"status":"passed","title":"parses JSON when Gemini wraps it in a markdown code fence"},{"ancestorTitles":["MisconfiguredAiProvider"],"duration":3,"failureDetails":[],"failureMessages":[],"fullName":"MisconfiguredAiProvider reports missing Gemini configuration and rejects with that code","invocations":1,"location":null,"numPassingAsserts":2,"retryReasons":[],"status":"passed","title":"reports missing Gemini configuration and rejects with that code"}],"endTime":1788433918760,"message":"","name":"C:\\Users\\Balsem\\Desktop\\GMAO\\backend\\src\\ai-assistant\\providers\\gemini-ai.provider.spec.ts","startTime":1788433918538,"status":"passed","summary":""},{"assertionResults":[{"ancestorTitles":["normalizeAnswer"],"duration":2,"failureDetails":[],"failureMessages":[],"fullName":"normalizeAnswer passes through a well-formed answer unchanged","invocations":1,"location":null,"numPassingAsserts":1,"retryReasons":[],"status":"passed","title":"passes through a well-formed answer unchanged"},{"ancestorTitles":["normalizeAnswer"],"duration":2,"failureDetails":[],"failureMessages":[],"fullName":"normalizeAnswer defaults every field when given an empty object","invocations":1,"location":null,"numPassingAsserts":1,"retryReasons":[],"status":"passed","title":"defaults every field when given an empty object"},{"ancestorTitles":["normalizeAnswer"],"duration":1,"failureDetails":[],"failureMessages":[],"fullName":"normalizeAnswer drops non-string entries from array fields rather than crashing","invocations":1,"location":null,"numPassingAsserts":3,"retryReasons":[],"status":"passed","title":"drops non-string entries from array fields rather than crashing"},{"ancestorTitles":["normalizeAnswer"],"duration":1,"failureDetails":[],"failureMessages":[],"fullName":"normalizeAnswer handles null/undefined input safely","invocations":1,"location":null,"numPassingAsserts":2,"retryReasons":[],"status":"passed","title":"handles null/undefined input safely"},{"ancestorTitles":["buildSystemPrompt"],"duration":1,"failureDetails":[],"failureMessages":[],"fullName":"buildSystemPrompt states the advisory-only constraint explicitly","invocations":1,"location":null,"numPassingAsserts":2,"retryReasons":[],"status":"passed","title":"states the advisory-only constraint explicitly"},{"ancestorTitles":["buildSystemPrompt"],"duration":1,"failureDetails":[],"failureMessages":[],"fullName":"buildSystemPrompt instructs the model to answer in the requested locale","invocations":1,"location":null,"numPassingAsserts":2,"retryReasons":[],"status":"passed","title":"instructs the model to answer in the requested locale"},{"ancestorTitles":["buildSystemPrompt"],"duration":1,"failureDetails":[],"failureMessages":[],"fullName":"buildSystemPrompt instructs the model to treat context/question content as untrusted data","invocations":1,"location":null,"numPassingAsserts":1,"retryReasons":[],"status":"passed","title":"instructs the model to treat context/question content as untrusted data"},{"ancestorTitles":["buildSystemPrompt"],"duration":1,"failureDetails":[],"failureMessages":[],"fullName":"buildSystemPrompt instructs the model to ask for clarification when the question is unclear or unrelated","invocations":1,"location":null,"numPassingAsserts":3,"retryReasons":[],"status":"passed","title":"instructs the model to ask for clarification when the question is unclear or unrelated"},{"ancestorTitles":["buildUserPrompt"],"duration":1,"failureDetails":[],"failureMessages":[],"fullName":"buildUserPrompt includes the operator question inside a <question> block","invocations":1,"location":null,"numPassingAsserts":2,"retryReasons":[],"status":"passed","title":"includes the operator question inside a <question> block"},{"ancestorTitles":["buildUserPrompt"],"duration":0,"failureDetails":[],"failureMessages":[],"fullName":"buildUserPrompt reports when there are no active alarms or maintenance history rather than omitting the section","invocations":1,"location":null,"numPassingAsserts":2,"retryReasons":[],"status":"passed","title":"reports when there are no active alarms or maintenance history rather than omitting the section"},{"ancestorTitles":["buildUserPrompt"],"duration":1,"failureDetails":[],"failureMessages":[],"fullName":"buildUserPrompt includes active alarms and maintenance history when present","invocations":1,"location":null,"numPassingAsserts":2,"retryReasons":[],"status":"passed","title":"includes active alarms and maintenance history when present"}],"endTime":1788433918788,"message":"","name":"C:\\Users\\Balsem\\Desktop\\GMAO\\backend\\src\\ai-assistant\\ai-prompt.util.spec.ts","startTime":1788433918590,"status":"passed","summary":""},{"assertionResults":[{"ancestorTitles":["DbscanModel"],"duration":6,"failureDetails":[],"failureMessages":[],"fullName":"DbscanModel identifies at least one dense core region from a tight cluster of samples","invocations":1,"location":null,"numPassingAsserts":2,"retryReasons":[],"status":"passed","title":"identifies at least one dense core region from a tight cluster of samples"},{"ancestorTitles":["DbscanModel"],"duration":3,"failureDetails":[],"failureMessages":[],"fullName":"DbscanModel scores a point inside the trained cluster as low anomaly","invocations":1,"location":null,"numPassingAsserts":1,"retryReasons":[],"status":"passed","title":"scores a point inside the trained cluster as low anomaly"},{"ancestorTitles":["DbscanModel"],"duration":2,"failureDetails":[],"failureMessages":[],"fullName":"DbscanModel scores a point far from every dense region as high anomaly","invocations":1,"location":null,"numPassingAsserts":1,"retryReasons":[],"status":"passed","title":"scores a point far from every dense region as high anomaly"},{"ancestorTitles":["DbscanModel"],"duration":1,"failureDetails":[],"failureMessages":[],"fullName":"DbscanModel reports zero confidence and a neutral score when no core points could be established","invocations":1,"location":null,"numPassingAsserts":3,"retryReasons":[],"status":"passed","title":"reports zero confidence and a neutral score when no core points could be established"},{"ancestorTitles":["DbscanModel"],"duration":7,"failureDetails":[],"failureMessages":[],"fullName":"DbscanModel is deterministic given the same samples","invocations":1,"location":null,"numPassingAsserts":1,"retryReasons":[],"status":"passed","title":"is deterministic given the same samples"}],"endTime":1788433918920,"message":"","name":"C:\\Users\\Balsem\\Desktop\\GMAO\\backend\\src\\predictive-maintenance\\models\\dbscan.model.spec.ts","startTime":1788433918498,"status":"passed","summary":""},{"assertionResults":[{"ancestorTitles":["AiAssistantThrottleService"],"duration":3,"failureDetails":[],"failureMessages":[],"fullName":"AiAssistantThrottleService allows requests under the configured limit","invocations":1,"location":null,"numPassingAsserts":3,"retryReasons":[],"status":"passed","title":"allows requests under the configured limit"},{"ancestorTitles":["AiAssistantThrottleService"],"duration":2,"failureDetails":[],"failureMessages":[],"fullName":"AiAssistantThrottleService blocks a request once the per-hour limit is exceeded and reports retryAfterSeconds","invocations":1,"location":null,"numPassingAsserts":2,"retryReasons":[],"status":"passed","title":"blocks a request once the per-hour limit is exceeded and reports retryAfterSeconds"},{"ancestorTitles":["AiAssistantThrottleService"],"duration":1,"failureDetails":[],"failureMessages":[],"fullName":"AiAssistantThrottleService tracks each user independently","invocations":1,"location":null,"numPassingAsserts":3,"retryReasons":[],"status":"passed","title":"tracks each user independently"},{"ancestorTitles":["AiAssistantThrottleService"],"duration":3,"failureDetails":[],"failureMessages":[],"fullName":"AiAssistantThrottleService falls back to the default limit when unconfigured","invocations":1,"location":null,"numPassingAsserts":21,"retryReasons":[],"status":"passed","title":"falls back to the default limit when unconfigured"},{"ancestorTitles":["AiAssistantThrottleService"],"duration":1,"failureDetails":[],"failureMessages":[],"fullName":"AiAssistantThrottleService resetForTests clears all recorded hits","invocations":1,"location":null,"numPassingAsserts":2,"retryReasons":[],"status":"passed","title":"resetForTests clears all recorded hits"}],"endTime":1788433919052,"message":"","name":"C:\\Users\\Balsem\\Desktop\\GMAO\\backend\\src\\ai-assistant\\ai-assistant-throttle.service.spec.ts","startTime":1788433918480,"status":"passed","summary":""}],"wasInterrupted":false}
